<?xml version="1.0" encoding="UTF-8"?>
<testng-results ignored="0" total="1" passed="1" failed="0" skipped="0">
  <reporter-output>
  </reporter-output>
  <suite started-at="2020-11-30T18:19:55 IST" name="Default suite" finished-at="2020-11-30T18:20:22 IST" duration-ms="27046">
    <groups>
    </groups>
    <test started-at="2020-11-30T18:19:55 IST" name="Default test" finished-at="2020-11-30T18:20:22 IST" duration-ms="27046">
      <class name="PageFactoryWithoutAnnotation.LoginWithoutAnnotation">
        <test-method signature="login()[pri:0, instance:PageFactoryWithoutAnnotation.LoginWithoutAnnotation@277f7dd3]" started-at="2020-11-30T18:19:56 IST" name="login" finished-at="2020-11-30T18:20:22 IST" duration-ms="26815" status="PASS">
          <reporter-output>
          </reporter-output>
        </test-method> <!-- login -->
      </class> <!-- PageFactoryWithoutAnnotation.LoginWithoutAnnotation -->
    </test> <!-- Default test -->
  </suite> <!-- Default suite -->
</testng-results>
